2024-08-22 20:00:30,366 marcinsasusv /home/marcin/.sdkman/candidates/java/21.0.3-amzn/bin/java[564225] INFO  [io.quarkus] (Quarkus Main Thread) api-pull 1.0.0-SNAPSHOT on JVM (powered by Quarkus 3.13.2) started in 0.725s. Listening on: http://localhost:8080
2024-08-22 20:00:30,367 marcinsasusv /home/marcin/.sdkman/candidates/java/21.0.3-amzn/bin/java[564225] INFO  [io.quarkus] (Quarkus Main Thread) Profile dev activated. Live Coding activated.
2024-08-22 20:00:30,368 marcinsasusv /home/marcin/.sdkman/candidates/java/21.0.3-amzn/bin/java[564225] INFO  [io.quarkus] (Quarkus Main Thread) Installed features: [agroal, cdi, config-yaml, hibernate-orm, hibernate-orm-panache, jdbc-postgresql, narayana-jta, rest, rest-client, rest-client-jackson, rest-jackson, smallrye-context-propagation, vertx]
2024-08-22 20:00:30,368 marcinsasusv /home/marcin/.sdkman/candidates/java/21.0.3-amzn/bin/java[564225] INFO  [io.qua.dep.dev.RuntimeUpdatesProcessor] (vert.x-worker-thread-20) Live reload total time: 0.739s 
2024-08-22 20:00:30,378 marcinsasusv /home/marcin/.sdkman/candidates/java/21.0.3-amzn/bin/java[564225] INFO  [com.mar.ser.GithubUserService] (executor-thread-1) Checkin if -> marcincho exist in DB
2024-08-22 20:00:30,394 marcinsasusv /home/marcin/.sdkman/candidates/java/21.0.3-amzn/bin/java[564225] ERROR [io.qua.ver.htt.run.QuarkusErrorHandler] (executor-thread-1) HTTP Request to /gh/marcincho failed, error id: 76f2762c-3fe9-42db-8de3-30e21938000c-10: jakarta.persistence.NoResultException: No result found for query [FROM `com.marcinchowaniec.entity.GithubUser` WHERE login = ?1]
	at org.hibernate.query.spi.AbstractSelectionQuery.getSingleResult(AbstractSelectionQuery.java:558)
	at io.quarkus.hibernate.orm.panache.common.runtime.CommonPanacheQueryImpl.singleResult(CommonPanacheQueryImpl.java:332)
	at io.quarkus.hibernate.orm.panache.runtime.PanacheQueryImpl.singleResult(PanacheQueryImpl.java:170)
	at com.marcinchowaniec.repository.GithubUserRepository.findByLogin(GithubUserRepository.java:12)
	at com.marcinchowaniec.repository.GithubUserRepository_ClientProxy.findByLogin(Unknown Source)
	at com.marcinchowaniec.service.GithubUserService.checkRepoOwnerByLogin(GithubUserService.java:32)
	at com.marcinchowaniec.service.GithubUserService_ClientProxy.checkRepoOwnerByLogin(Unknown Source)
	at com.marcinchowaniec.httpClient.GithubHttpClient.getGithubUser(GithubHttpClient.java:41)
	at com.marcinchowaniec.httpClient.GithubHttpClient_Subclass.getGithubUser$$superforward(Unknown Source)
	at com.marcinchowaniec.httpClient.GithubHttpClient_Subclass$$function$$18.apply(Unknown Source)
	at io.quarkus.arc.impl.AroundInvokeInvocationContext.proceed(AroundInvokeInvocationContext.java:73)
	at io.quarkus.arc.impl.AroundInvokeInvocationContext.proceed(AroundInvokeInvocationContext.java:62)
	at io.quarkus.narayana.jta.runtime.interceptor.TransactionalInterceptorBase.invokeInOurTx(TransactionalInterceptorBase.java:136)
	at io.quarkus.narayana.jta.runtime.interceptor.TransactionalInterceptorBase.invokeInOurTx(TransactionalInterceptorBase.java:107)
	at io.quarkus.narayana.jta.runtime.interceptor.TransactionalInterceptorRequired.doIntercept(TransactionalInterceptorRequired.java:38)
	at io.quarkus.narayana.jta.runtime.interceptor.TransactionalInterceptorBase.intercept(TransactionalInterceptorBase.java:61)
	at io.quarkus.narayana.jta.runtime.interceptor.TransactionalInterceptorRequired.intercept(TransactionalInterceptorRequired.java:32)
	at io.quarkus.narayana.jta.runtime.interceptor.TransactionalInterceptorRequired_Bean.intercept(Unknown Source)
	at io.quarkus.arc.impl.InterceptorInvocation.invoke(InterceptorInvocation.java:42)
	at io.quarkus.arc.impl.AroundInvokeInvocationContext.perform(AroundInvokeInvocationContext.java:30)
	at io.quarkus.arc.impl.InvocationContexts.performAroundInvoke(InvocationContexts.java:27)
	at com.marcinchowaniec.httpClient.GithubHttpClient_Subclass.getGithubUser(Unknown Source)
	at com.marcinchowaniec.httpClient.GithubHttpClient_ClientProxy.getGithubUser(Unknown Source)
	at com.marcinchowaniec.controller.GithubApi.getUsernameResponse(GithubApi.java:33)
	at com.marcinchowaniec.controller.GithubApi$quarkusrestinvoker$getUsernameResponse_a0c53179e1ffadf7dcf9312b8373ce60f1335d66.invoke(Unknown Source)
	at org.jboss.resteasy.reactive.server.handlers.InvocationHandler.handle(InvocationHandler.java:29)
	at io.quarkus.resteasy.reactive.server.runtime.QuarkusResteasyReactiveRequestContext.invokeHandler(QuarkusResteasyReactiveRequestContext.java:141)
	at org.jboss.resteasy.reactive.common.core.AbstractResteasyReactiveContext.run(AbstractResteasyReactiveContext.java:147)
	at io.quarkus.vertx.core.runtime.VertxCoreRecorder$14.runWith(VertxCoreRecorder.java:635)
	at org.jboss.threads.EnhancedQueueExecutor$Task.doRunWith(EnhancedQueueExecutor.java:2516)
	at org.jboss.threads.EnhancedQueueExecutor$Task.run(EnhancedQueueExecutor.java:2495)
	at org.jboss.threads.EnhancedQueueExecutor$ThreadBody.run(EnhancedQueueExecutor.java:1521)
	at org.jboss.threads.DelegatingRunnable.run(DelegatingRunnable.java:11)
	at org.jboss.threads.ThreadLocalResettingRunnable.run(ThreadLocalResettingRunnable.java:11)
	at io.netty.util.concurrent.FastThreadLocalRunnable.run(FastThreadLocalRunnable.java:30)
	at java.base/java.lang.Thread.run(Thread.java:1583)

2024-08-22 20:00:32,895 marcinsasusv /home/marcin/.sdkman/candidates/java/21.0.3-amzn/bin/java[564225] INFO  [com.mar.ser.GithubUserService] (executor-thread-1) Checkin if -> marcincho exist in DB
2024-08-22 20:00:32,999 marcinsasusv /home/marcin/.sdkman/candidates/java/21.0.3-amzn/bin/java[564225] ERROR [io.qua.ver.htt.run.QuarkusErrorHandler] (executor-thread-1) HTTP Request to /gh/marcincho failed, error id: 76f2762c-3fe9-42db-8de3-30e21938000c-11: jakarta.persistence.NoResultException: No result found for query [FROM `com.marcinchowaniec.entity.GithubUser` WHERE login = ?1]
	at org.hibernate.query.spi.AbstractSelectionQuery.getSingleResult(AbstractSelectionQuery.java:558)
	at io.quarkus.hibernate.orm.panache.common.runtime.CommonPanacheQueryImpl.singleResult(CommonPanacheQueryImpl.java:332)
	at io.quarkus.hibernate.orm.panache.runtime.PanacheQueryImpl.singleResult(PanacheQueryImpl.java:170)
	at com.marcinchowaniec.repository.GithubUserRepository.findByLogin(GithubUserRepository.java:12)
	at com.marcinchowaniec.repository.GithubUserRepository_ClientProxy.findByLogin(Unknown Source)
	at com.marcinchowaniec.service.GithubUserService.checkRepoOwnerByLogin(GithubUserService.java:32)
	at com.marcinchowaniec.service.GithubUserService_ClientProxy.checkRepoOwnerByLogin(Unknown Source)
	at com.marcinchowaniec.httpClient.GithubHttpClient.getGithubUser(GithubHttpClient.java:41)
	at com.marcinchowaniec.httpClient.GithubHttpClient_Subclass.getGithubUser$$superforward(Unknown Source)
	at com.marcinchowaniec.httpClient.GithubHttpClient_Subclass$$function$$18.apply(Unknown Source)
	at io.quarkus.arc.impl.AroundInvokeInvocationContext.proceed(AroundInvokeInvocationContext.java:73)
	at io.quarkus.arc.impl.AroundInvokeInvocationContext.proceed(AroundInvokeInvocationContext.java:62)
	at io.quarkus.narayana.jta.runtime.interceptor.TransactionalInterceptorBase.invokeInOurTx(TransactionalInterceptorBase.java:136)
	at io.quarkus.narayana.jta.runtime.interceptor.TransactionalInterceptorBase.invokeInOurTx(TransactionalInterceptorBase.java:107)
	at io.quarkus.narayana.jta.runtime.interceptor.TransactionalInterceptorRequired.doIntercept(TransactionalInterceptorRequired.java:38)
	at io.quarkus.narayana.jta.runtime.interceptor.TransactionalInterceptorBase.intercept(TransactionalInterceptorBase.java:61)
	at io.quarkus.narayana.jta.runtime.interceptor.TransactionalInterceptorRequired.intercept(TransactionalInterceptorRequired.java:32)
	at io.quarkus.narayana.jta.runtime.interceptor.TransactionalInterceptorRequired_Bean.intercept(Unknown Source)
	at io.quarkus.arc.impl.InterceptorInvocation.invoke(InterceptorInvocation.java:42)
	at io.quarkus.arc.impl.AroundInvokeInvocationContext.perform(AroundInvokeInvocationContext.java:30)
	at io.quarkus.arc.impl.InvocationContexts.performAroundInvoke(InvocationContexts.java:27)
	at com.marcinchowaniec.httpClient.GithubHttpClient_Subclass.getGithubUser(Unknown Source)
	at com.marcinchowaniec.httpClient.GithubHttpClient_ClientProxy.getGithubUser(Unknown Source)
	at com.marcinchowaniec.controller.GithubApi.getUsernameResponse(GithubApi.java:33)
	at com.marcinchowaniec.controller.GithubApi$quarkusrestinvoker$getUsernameResponse_a0c53179e1ffadf7dcf9312b8373ce60f1335d66.invoke(Unknown Source)
	at org.jboss.resteasy.reactive.server.handlers.InvocationHandler.handle(InvocationHandler.java:29)
	at io.quarkus.resteasy.reactive.server.runtime.QuarkusResteasyReactiveRequestContext.invokeHandler(QuarkusResteasyReactiveRequestContext.java:141)
	at org.jboss.resteasy.reactive.common.core.AbstractResteasyReactiveContext.run(AbstractResteasyReactiveContext.java:147)
	at io.quarkus.vertx.core.runtime.VertxCoreRecorder$14.runWith(VertxCoreRecorder.java:635)
	at org.jboss.threads.EnhancedQueueExecutor$Task.doRunWith(EnhancedQueueExecutor.java:2516)
	at org.jboss.threads.EnhancedQueueExecutor$Task.run(EnhancedQueueExecutor.java:2495)
	at org.jboss.threads.EnhancedQueueExecutor$ThreadBody.run(EnhancedQueueExecutor.java:1521)
	at org.jboss.threads.DelegatingRunnable.run(DelegatingRunnable.java:11)
	at org.jboss.threads.ThreadLocalResettingRunnable.run(ThreadLocalResettingRunnable.java:11)
	at io.netty.util.concurrent.FastThreadLocalRunnable.run(FastThreadLocalRunnable.java:30)
	at java.base/java.lang.Thread.run(Thread.java:1583)

2024-08-22 20:00:35,202 marcinsasusv /home/marcin/.sdkman/candidates/java/21.0.3-amzn/bin/java[564225] INFO  [com.mar.ser.GithubUserService] (executor-thread-1) Checkin if -> marcincho exist in DB
2024-08-22 20:00:35,251 marcinsasusv /home/marcin/.sdkman/candidates/java/21.0.3-amzn/bin/java[564225] ERROR [io.qua.ver.htt.run.QuarkusErrorHandler] (executor-thread-1) HTTP Request to /gh/marcincho failed, error id: 76f2762c-3fe9-42db-8de3-30e21938000c-12: jakarta.persistence.NoResultException: No result found for query [FROM `com.marcinchowaniec.entity.GithubUser` WHERE login = ?1]
	at org.hibernate.query.spi.AbstractSelectionQuery.getSingleResult(AbstractSelectionQuery.java:558)
	at io.quarkus.hibernate.orm.panache.common.runtime.CommonPanacheQueryImpl.singleResult(CommonPanacheQueryImpl.java:332)
	at io.quarkus.hibernate.orm.panache.runtime.PanacheQueryImpl.singleResult(PanacheQueryImpl.java:170)
	at com.marcinchowaniec.repository.GithubUserRepository.findByLogin(GithubUserRepository.java:12)
	at com.marcinchowaniec.repository.GithubUserRepository_ClientProxy.findByLogin(Unknown Source)
	at com.marcinchowaniec.service.GithubUserService.checkRepoOwnerByLogin(GithubUserService.java:32)
	at com.marcinchowaniec.service.GithubUserService_ClientProxy.checkRepoOwnerByLogin(Unknown Source)
	at com.marcinchowaniec.httpClient.GithubHttpClient.getGithubUser(GithubHttpClient.java:41)
	at com.marcinchowaniec.httpClient.GithubHttpClient_Subclass.getGithubUser$$superforward(Unknown Source)
	at com.marcinchowaniec.httpClient.GithubHttpClient_Subclass$$function$$18.apply(Unknown Source)
	at io.quarkus.arc.impl.AroundInvokeInvocationContext.proceed(AroundInvokeInvocationContext.java:73)
	at io.quarkus.arc.impl.AroundInvokeInvocationContext.proceed(AroundInvokeInvocationContext.java:62)
	at io.quarkus.narayana.jta.runtime.interceptor.TransactionalInterceptorBase.invokeInOurTx(TransactionalInterceptorBase.java:136)
	at io.quarkus.narayana.jta.runtime.interceptor.TransactionalInterceptorBase.invokeInOurTx(TransactionalInterceptorBase.java:107)
	at io.quarkus.narayana.jta.runtime.interceptor.TransactionalInterceptorRequired.doIntercept(TransactionalInterceptorRequired.java:38)
	at io.quarkus.narayana.jta.runtime.interceptor.TransactionalInterceptorBase.intercept(TransactionalInterceptorBase.java:61)
	at io.quarkus.narayana.jta.runtime.interceptor.TransactionalInterceptorRequired.intercept(TransactionalInterceptorRequired.java:32)
	at io.quarkus.narayana.jta.runtime.interceptor.TransactionalInterceptorRequired_Bean.intercept(Unknown Source)
	at io.quarkus.arc.impl.InterceptorInvocation.invoke(InterceptorInvocation.java:42)
	at io.quarkus.arc.impl.AroundInvokeInvocationContext.perform(AroundInvokeInvocationContext.java:30)
	at io.quarkus.arc.impl.InvocationContexts.performAroundInvoke(InvocationContexts.java:27)
	at com.marcinchowaniec.httpClient.GithubHttpClient_Subclass.getGithubUser(Unknown Source)
	at com.marcinchowaniec.httpClient.GithubHttpClient_ClientProxy.getGithubUser(Unknown Source)
	at com.marcinchowaniec.controller.GithubApi.getUsernameResponse(GithubApi.java:33)
	at com.marcinchowaniec.controller.GithubApi$quarkusrestinvoker$getUsernameResponse_a0c53179e1ffadf7dcf9312b8373ce60f1335d66.invoke(Unknown Source)
	at org.jboss.resteasy.reactive.server.handlers.InvocationHandler.handle(InvocationHandler.java:29)
	at io.quarkus.resteasy.reactive.server.runtime.QuarkusResteasyReactiveRequestContext.invokeHandler(QuarkusResteasyReactiveRequestContext.java:141)
	at org.jboss.resteasy.reactive.common.core.AbstractResteasyReactiveContext.run(AbstractResteasyReactiveContext.java:147)
	at io.quarkus.vertx.core.runtime.VertxCoreRecorder$14.runWith(VertxCoreRecorder.java:635)
	at org.jboss.threads.EnhancedQueueExecutor$Task.doRunWith(EnhancedQueueExecutor.java:2516)
	at org.jboss.threads.EnhancedQueueExecutor$Task.run(EnhancedQueueExecutor.java:2495)
	at org.jboss.threads.EnhancedQueueExecutor$ThreadBody.run(EnhancedQueueExecutor.java:1521)
	at org.jboss.threads.DelegatingRunnable.run(DelegatingRunnable.java:11)
	at org.jboss.threads.ThreadLocalResettingRunnable.run(ThreadLocalResettingRunnable.java:11)
	at io.netty.util.concurrent.FastThreadLocalRunnable.run(FastThreadLocalRunnable.java:30)
	at java.base/java.lang.Thread.run(Thread.java:1583)

2024-08-22 20:01:10,975 marcinsasusv /home/marcin/.sdkman/candidates/java/21.0.3-amzn/bin/java[564225] INFO  [io.quarkus] (Shutdown thread) api-pull stopped in 0.005s
